# JRE version: OpenJDK Runtime Environment (8.0) (build 1.8.0-internal-phz_2019_01_28_17_55-b00)
# Java VM: OpenJDK 64-Bit Server VM (25.71-b00 mixed mode linux-amd64 compressed oops)
Heap:
 PSYoungGen      total 450560K, used 20249K [0x00000000d5580000, 0x00000000f2b80000, 0x0000000100000000)
  eden space 419840K, 0% used [0x00000000d5580000,0x00000000d5580000,0x00000000eef80000)
  from space 30720K, 65% used [0x00000000eef80000,0x00000000f0346430,0x00000000f0d80000)
  to   space 27648K, 0% used [0x00000000f1080000,0x00000000f1080000,0x00000000f2b80000)
 ParOldGen       total 175104K, used 42096K [0x0000000080000000, 0x000000008ab00000, 0x00000000d5580000)
  object space 175104K, 24% used [0x0000000080000000,0x000000008291c268,0x000000008ab00000)
 Metaspace       used 35074K, capacity 35374K, committed 35828K, reserved 1081344K
  class space    used 4093K, capacity 4205K, committed 4272K, reserved 1048576K
GC Heap History (10 events):
Event: 17.379 GC heap after
Heap after GC invocations=7 (full 1):
 PSYoungGen      total 208384K, used 12283K [0x00000000d5580000, 0x00000000e3b80000, 0x0000000100000000)
  eden space 189440K, 0% used [0x00000000d5580000,0x00000000d5580000,0x00000000e0e80000)
  from space 18944K, 64% used [0x00000000e2900000,0x00000000e34fee70,0x00000000e3b80000)
  to   space 23040K, 0% used [0x00000000e0e80000,0x00000000e0e80000,0x00000000e2500000)
 ParOldGen       total 175104K, used 29074K [0x0000000080000000, 0x000000008ab00000, 0x00000000d5580000)
  object space 175104K, 16% used [0x0000000080000000,0x0000000081c648c8,0x000000008ab00000)
 Metaspace       used 33818K, capacity 34176K, committed 34864K, reserved 1079296K
  class space    used 3949K, capacity 4042K, committed 4144K, reserved 1048576K
}
Event: 17.809 GC heap before
{Heap before GC invocations=8 (full 1):
 PSYoungGen      total 208384K, used 201723K [0x00000000d5580000, 0x00000000e3b80000, 0x0000000100000000)
  eden space 189440K, 100% used [0x00000000d5580000,0x00000000e0e80000,0x00000000e0e80000)
  from space 18944K, 64% used [0x00000000e2900000,0x00000000e34fee70,0x00000000e3b80000)
  to   space 23040K, 0% used [0x00000000e0e80000,0x00000000e0e80000,0x00000000e2500000)
 ParOldGen       total 175104K, used 29074K [0x0000000080000000, 0x000000008ab00000, 0x00000000d5580000)
  object space 175104K, 16% used [0x0000000080000000,0x0000000081c648c8,0x000000008ab00000)
 Metaspace       used 33818K, capacity 34176K, committed 34864K, reserved 1079296K
  class space    used 3949K, capacity 4042K, committed 4144K, reserved 1048576K
Event: 17.832 GC heap after
Heap after GC invocations=8 (full 1):
 PSYoungGen      total 212480K, used 13284K [0x00000000d5580000, 0x00000000e9800000, 0x0000000100000000)
  eden space 189440K, 0% used [0x00000000d5580000,0x00000000d5580000,0x00000000e0e80000)
  from space 23040K, 57% used [0x00000000e0e80000,0x00000000e1b79210,0x00000000e2500000)
  to   space 21504K, 0% used [0x00000000e8300000,0x00000000e8300000,0x00000000e9800000)
 ParOldGen       total 175104K, used 29082K [0x0000000080000000, 0x000000008ab00000, 0x00000000d5580000)
  object space 175104K, 16% used [0x0000000080000000,0x0000000081c668c8,0x000000008ab00000)
 Metaspace       used 33818K, capacity 34176K, committed 34864K, reserved 1079296K
  class space    used 3949K, capacity 4042K, committed 4144K, reserved 1048576K
}
Event: 18.097 GC heap before
{Heap before GC invocations=9 (full 1):
 PSYoungGen      total 212480K, used 202724K [0x00000000d5580000, 0x00000000e9800000, 0x0000000100000000)
  eden space 189440K, 100% used [0x00000000d5580000,0x00000000e0e80000,0x00000000e0e80000)
  from space 23040K, 57% used [0x00000000e0e80000,0x00000000e1b79210,0x00000000e2500000)
  to   space 21504K, 0% used [0x00000000e8300000,0x00000000e8300000,0x00000000e9800000)
 ParOldGen       total 175104K, used 29082K [0x0000000080000000, 0x000000008ab00000, 0x00000000d5580000)
  object space 175104K, 16% used [0x0000000080000000,0x0000000081c668c8,0x000000008ab00000)
 Metaspace       used 34140K, capacity 34464K, committed 35120K, reserved 1081344K
  class space    used 3991K, capacity 4074K, committed 4144K, reserved 1048576K
Event: 18.438 GC heap after
Heap after GC invocations=9 (full 1):
 PSYoungGen      total 306176K, used 21089K [0x00000000d5580000, 0x00000000edc00000, 0x0000000100000000)
  eden space 284672K, 0% used [0x00000000d5580000,0x00000000d5580000,0x00000000e6b80000)
  from space 21504K, 98% used [0x00000000e8300000,0x00000000e9798730,0x00000000e9800000)
  to   space 24064K, 0% used [0x00000000e6b80000,0x00000000e6b80000,0x00000000e8300000)
 ParOldGen       total 175104K, used 29090K [0x0000000080000000, 0x000000008ab00000, 0x00000000d5580000)
  object space 175104K, 16% used [0x0000000080000000,0x0000000081c688c8,0x000000008ab00000)
 Metaspace       used 34140K, capacity 34464K, committed 35120K, reserved 1081344K
  class space    used 3991K, capacity 4074K, committed 4144K, reserved 1048576K
}
Event: 22.132 GC heap before
{Heap before GC invocations=10 (full 1):
 PSYoungGen      total 306176K, used 305761K [0x00000000d5580000, 0x00000000edc00000, 0x0000000100000000)
  eden space 284672K, 100% used [0x00000000d5580000,0x00000000e6b80000,0x00000000e6b80000)
  from space 21504K, 98% used [0x00000000e8300000,0x00000000e9798730,0x00000000e9800000)
  to   space 24064K, 0% used [0x00000000e6b80000,0x00000000e6b80000,0x00000000e8300000)
 ParOldGen       total 175104K, used 29090K [0x0000000080000000, 0x000000008ab00000, 0x00000000d5580000)
  object space 175104K, 16% used [0x0000000080000000,0x0000000081c688c8,0x000000008ab00000)
 Metaspace       used 34149K, capacity 34464K, committed 35120K, reserved 1081344K
  class space    used 3991K, capacity 4074K, committed 4144K, reserved 1048576K
Event: 22.190 GC heap after
Heap after GC invocations=10 (full 1):
 PSYoungGen      total 308736K, used 24052K [0x00000000d5580000, 0x00000000f2c00000, 0x0000000100000000)
  eden space 284672K, 0% used [0x00000000d5580000,0x00000000d5580000,0x00000000e6b80000)
  from space 24064K, 99% used [0x00000000e6b80000,0x00000000e82fd220,0x00000000e8300000)
  to   space 28160K, 0% used [0x00000000f1080000,0x00000000f1080000,0x00000000f2c00000)
 ParOldGen       total 175104K, used 31922K [0x0000000080000000, 0x000000008ab00000, 0x00000000d5580000)
  object space 175104K, 18% used [0x0000000080000000,0x0000000081f2ca68,0x000000008ab00000)
 Metaspace       used 34149K, capacity 34464K, committed 35120K, reserved 1081344K
  class space    used 3991K, capacity 4074K, committed 4144K, reserved 1048576K
}
Event: 23.978 GC heap before
{Heap before GC invocations=11 (full 1):
 PSYoungGen      total 308736K, used 191087K [0x00000000d5580000, 0x00000000f2c00000, 0x0000000100000000)
  eden space 284672K, 58% used [0x00000000d5580000,0x00000000df89e9e8,0x00000000e6b80000)
  from space 24064K, 99% used [0x00000000e6b80000,0x00000000e82fd220,0x00000000e8300000)
  to   space 28160K, 0% used [0x00000000f1080000,0x00000000f1080000,0x00000000f2c00000)
 ParOldGen       total 175104K, used 31922K [0x0000000080000000, 0x000000008ab00000, 0x00000000d5580000)
  object space 175104K, 18% used [0x0000000080000000,0x0000000081f2ca68,0x000000008ab00000)
 Metaspace       used 34701K, capacity 35022K, committed 35624K, reserved 1081344K
  class space    used 4048K, capacity 4173K, committed 4272K, reserved 1048576K
Event: 24.043 GC heap after
Heap after GC invocations=11 (full 1):
 PSYoungGen      total 447488K, used 27016K [0x00000000d5580000, 0x00000000f2b80000, 0x0000000100000000)
  eden space 419840K, 0% used [0x00000000d5580000,0x00000000d5580000,0x00000000eef80000)
  from space 27648K, 97% used [0x00000000f1080000,0x00000000f2ae2130,0x00000000f2b80000)
  to   space 30720K, 0% used [0x00000000eef80000,0x00000000eef80000,0x00000000f0d80000)
 ParOldGen       total 175104K, used 35087K [0x0000000080000000, 0x000000008ab00000, 0x00000000d5580000)
  object space 175104K, 20% used [0x0000000080000000,0x0000000082243c88,0x000000008ab00000)
 Metaspace       used 34701K, capacity 35022K, committed 35624K, reserved 1081344K
  class space    used 4048K, capacity 4173K, committed 4272K, reserved 1048576K
}
Event: 24.189 GC heap before
{Heap before GC invocations=12 (full 1):
 PSYoungGen      total 447488K, used 35530K [0x00000000d5580000, 0x00000000f2b80000, 0x0000000100000000)
  eden space 419840K, 2% used [0x00000000d5580000,0x00000000d5dd0790,0x00000000eef80000)
  from space 27648K, 97% used [0x00000000f1080000,0x00000000f2ae2130,0x00000000f2b80000)
  to   space 30720K, 0% used [0x00000000eef80000,0x00000000eef80000,0x00000000f0d80000)
 ParOldGen       total 175104K, used 35087K [0x0000000080000000, 0x000000008ab00000, 0x00000000d5580000)
  object space 175104K, 20% used [0x0000000080000000,0x0000000082243c88,0x000000008ab00000)
 Metaspace       used 35074K, capacity 35374K, committed 35828K, reserved 1081344K
  class space    used 4093K, capacity 4205K, committed 4272K, reserved 1048576K

